<?xml version="1.0" encoding="UTF-8"?>
<testsuite name="ingresar a las apps" tests="1" skipped="0" failures="0" errors="0" timestamp="2022-11-22T15:51:27" hostname="SQAMED-88970" time="96.554">
  <properties/>
  <testcase name="Ingreso Exitoso" classname="ingresar a las apps" time="96.554"/>
  <system-out><![CDATA[]]></system-out>
  <system-err><![CDATA[nov 22, 2022 10:51:51 A. M. io.appium.java_client.remote.AppiumCommandExecutor$1 lambda$0
INFO: Detected dialect: W3C
[Test worker] INFO net.thucydides.core.steps.ConsoleLoggingListener - 
        __    _____ _____ ____ _____   ____   _    ____  ____  _____ ____  
  _     \ \  |_   _| ____/ ___|_   _| |  _ \ / \  / ___|/ ___|| ____|  _ \ 
 (_)_____| |   | | |  _| \___ \ | |   | |_) / _ \ \___ \\___ \|  _| | | | |
  _|_____| |   | | | |___ ___) || |   |  __/ ___ \ ___) |___) | |___| |_| |
 (_)     | |   |_| |_____|____/ |_|   |_| /_/   \_\____/|____/|_____|____/ 
        /_/                                                                

TEST PASSED: Ingreso Exitoso
----------------------------------------------------------------------------
]]></system-err>
</testsuite>
